Started GET "/" for ::1 at 2021-04-09 14:01:04 -0400
  [1m[35m (2.7ms)[0m  [1m[34mSELECT sqlite_version(*)[0m
Processing by Rails::WelcomeController#index as HTML
  Rendering /home/mihndim/.rbenv/versions/3.0.0/lib/ruby/gems/3.0.0/gems/railties-6.1.3.1/lib/rails/templates/rails/welcome/index.html.erb
  Rendered /home/mihndim/.rbenv/versions/3.0.0/lib/ruby/gems/3.0.0/gems/railties-6.1.3.1/lib/rails/templates/rails/welcome/index.html.erb (Duration: 12.5ms | Allocations: 522)
Completed 200 OK in 39ms (Views: 23.0ms | ActiveRecord: 0.0ms | Allocations: 4356)


Started GET "/" for ::1 at 2021-04-09 14:01:05 -0400
Processing by Rails::WelcomeController#index as HTML
  Rendering /home/mihndim/.rbenv/versions/3.0.0/lib/ruby/gems/3.0.0/gems/railties-6.1.3.1/lib/rails/templates/rails/welcome/index.html.erb
  Rendered /home/mihndim/.rbenv/versions/3.0.0/lib/ruby/gems/3.0.0/gems/railties-6.1.3.1/lib/rails/templates/rails/welcome/index.html.erb (Duration: 11.6ms | Allocations: 223)
Completed 200 OK in 16ms (Views: 14.2ms | ActiveRecord: 0.0ms | Allocations: 956)


Started GET "/" for ::1 at 2021-04-09 14:10:27 -0400
  
SyntaxError (/home/mihndim/RoR/form-basic-/config/routes.rb:2: syntax error, unexpected ':', expecting `end'
  resource: drivers 
          ^
):
  
config/routes.rb:2: syntax error, unexpected ':', expecting `end'
config/routes.rb:2: syntax error, unexpected ':', expecting `end'
config/routes.rb:2: syntax error, unexpected ':', expecting `end'
Started GET "/" for ::1 at 2021-04-09 14:10:47 -0400
  
SyntaxError (/home/mihndim/RoR/form-basic-/config/routes.rb:2: syntax error, unexpected ':', expecting `end'
  resource: driver 
          ^
):
  
config/routes.rb:2: syntax error, unexpected ':', expecting `end'
config/routes.rb:2: syntax error, unexpected ':', expecting `end'
config/routes.rb:2: syntax error, unexpected ':', expecting `end'
Started GET "/" for ::1 at 2021-04-09 14:10:57 -0400
  
SyntaxError (/home/mihndim/RoR/form-basic-/config/routes.rb:2: syntax error, unexpected ':', expecting `end'
  resource: driver 
          ^
/home/mihndim/RoR/form-basic-/config/routes.rb:6: syntax error, unexpected `end', expecting end-of-input):
  
config/routes.rb:2: syntax error, unexpected ':', expecting `end'
config/routes.rb:6: syntax error, unexpected `end', expecting end-of-input
config/routes.rb:2: syntax error, unexpected ':', expecting `end'
config/routes.rb:6: syntax error, unexpected `end', expecting end-of-input
config/routes.rb:2: syntax error, unexpected ':', expecting `end'
config/routes.rb:6: syntax error, unexpected `end', expecting end-of-input
Started GET "/" for ::1 at 2021-04-09 14:10:58 -0400
  
ActionController::RoutingError (No route matches [GET] "/"):
  
Started GET "/" for ::1 at 2021-04-09 14:12:16 -0400
  
SyntaxError (/home/mihndim/RoR/form-basic-/config/routes.rb:2: syntax error, unexpected ':', expecting `end'
  resources: drivers 
           ^
):
  
config/routes.rb:2: syntax error, unexpected ':', expecting `end'
config/routes.rb:2: syntax error, unexpected ':', expecting `end'
config/routes.rb:2: syntax error, unexpected ':', expecting `end'
Started GET "/" for ::1 at 2021-04-09 14:15:23 -0400
Processing by Rails::WelcomeController#index as HTML
  Rendering /home/mihndim/.rbenv/versions/3.0.0/lib/ruby/gems/3.0.0/gems/railties-6.1.3.1/lib/rails/templates/rails/welcome/index.html.erb
  Rendered /home/mihndim/.rbenv/versions/3.0.0/lib/ruby/gems/3.0.0/gems/railties-6.1.3.1/lib/rails/templates/rails/welcome/index.html.erb (Duration: 7.8ms | Allocations: 223)
Completed 200 OK in 12ms (Views: 9.3ms | Allocations: 950)


Started GET "/" for ::1 at 2021-04-09 14:15:27 -0400
Processing by Rails::WelcomeController#index as HTML
  Rendering /home/mihndim/.rbenv/versions/3.0.0/lib/ruby/gems/3.0.0/gems/railties-6.1.3.1/lib/rails/templates/rails/welcome/index.html.erb
  Rendered /home/mihndim/.rbenv/versions/3.0.0/lib/ruby/gems/3.0.0/gems/railties-6.1.3.1/lib/rails/templates/rails/welcome/index.html.erb (Duration: 0.6ms | Allocations: 50)
Completed 200 OK in 3ms (Views: 2.0ms | Allocations: 412)


Started GET "/drivers" for ::1 at 2021-04-09 14:16:54 -0400
Processing by DriversController#index as HTML
  Rendering layout layouts/application.html.erb
  Rendering drivers/index.html.erb within layouts/application
  Rendered drivers/index.html.erb within layouts/application (Duration: 1.0ms | Allocations: 108)
[Webpacker] Compiling...
[Webpacker] Compiled all packs in /home/mihndim/RoR/form-basic-/public/packs
[Webpacker] Hash: ce14c115e350524bb5a9
Version: webpack 4.46.0
Time: 2014ms
Built at: 04/09/2021 2:16:58 PM
                                     Asset       Size       Chunks                         Chunk Names
    js/application-b43fa54005da8e229d8c.js    125 KiB  application  [emitted] [immutable]  application
js/application-b43fa54005da8e229d8c.js.map    139 KiB  application  [emitted] [dev]        application
                             manifest.json  364 bytes               [emitted]              
Entrypoint application = js/application-b43fa54005da8e229d8c.js js/application-b43fa54005da8e229d8c.js.map
[./app/javascript/channels sync recursive _channel\.js$] ./app/javascript/channels sync _channel\.js$ 160 bytes {application} [built]
[./app/javascript/channels/index.js] 211 bytes {application} [built]
[./app/javascript/packs/application.js] 492 bytes {application} [built]
[./node_modules/webpack/buildin/module.js] (webpack)/buildin/module.js 552 bytes {application} [built]
    + 3 hidden modules

  Rendered layout layouts/application.html.erb (Duration: 3437.4ms | Allocations: 13942)
Completed 200 OK in 3442ms (Views: 3440.3ms | Allocations: 15145)


Started GET "/new" for ::1 at 2021-04-09 14:18:26 -0400
  
ActionController::RoutingError (No route matches [GET] "/new"):
  
Started GET "/" for ::1 at 2021-04-09 14:18:44 -0400
Processing by Rails::WelcomeController#index as HTML
  Rendering /home/mihndim/.rbenv/versions/3.0.0/lib/ruby/gems/3.0.0/gems/railties-6.1.3.1/lib/rails/templates/rails/welcome/index.html.erb
  Rendered /home/mihndim/.rbenv/versions/3.0.0/lib/ruby/gems/3.0.0/gems/railties-6.1.3.1/lib/rails/templates/rails/welcome/index.html.erb (Duration: 1.5ms | Allocations: 49)
Completed 200 OK in 5ms (Views: 2.7ms | Allocations: 459)


Started GET "/index/new" for ::1 at 2021-04-09 14:18:50 -0400
  
ActionController::RoutingError (No route matches [GET] "/index/new"):
  
Started GET "/" for ::1 at 2021-04-09 14:18:56 -0400
Processing by Rails::WelcomeController#index as HTML
  Rendering /home/mihndim/.rbenv/versions/3.0.0/lib/ruby/gems/3.0.0/gems/railties-6.1.3.1/lib/rails/templates/rails/welcome/index.html.erb
  Rendered /home/mihndim/.rbenv/versions/3.0.0/lib/ruby/gems/3.0.0/gems/railties-6.1.3.1/lib/rails/templates/rails/welcome/index.html.erb (Duration: 0.7ms | Allocations: 49)
Completed 200 OK in 3ms (Views: 1.7ms | Allocations: 457)


Started GET "/drivers" for ::1 at 2021-04-09 14:19:08 -0400
Processing by DriversController#index as HTML
  Rendering layout layouts/application.html.erb
  Rendering drivers/index.html.erb within layouts/application
  Rendered drivers/index.html.erb within layouts/application (Duration: 0.1ms | Allocations: 37)
[Webpacker] Everything's up-to-date. Nothing to do
  Rendered layout layouts/application.html.erb (Duration: 7.1ms | Allocations: 2879)
Completed 200 OK in 9ms (Views: 8.0ms | Allocations: 3319)


Started GET "/drivers/new" for ::1 at 2021-04-09 14:19:54 -0400
Processing by DriversController#new as HTML
  Rendering layout layouts/application.html.erb
  Rendering drivers/new.html.erb within layouts/application
  Rendered drivers/new.html.erb within layouts/application (Duration: 0.6ms | Allocations: 106)
[Webpacker] Everything's up-to-date. Nothing to do
  Rendered layout layouts/application.html.erb (Duration: 7.3ms | Allocations: 2946)
Completed 200 OK in 11ms (Views: 9.0ms | Allocations: 3510)


Started GET "/drivers/new" for ::1 at 2021-04-09 14:25:30 -0400
  [1m[35m (0.1ms)[0m  [1m[34mSELECT sqlite_version(*)[0m
  [1m[35m (18.3ms)[0m  [1m[35mCREATE TABLE "schema_migrations" ("version" varchar NOT NULL PRIMARY KEY)[0m
  [1m[35m (8.9ms)[0m  [1m[35mCREATE TABLE "ar_internal_metadata" ("key" varchar NOT NULL PRIMARY KEY, "value" varchar, "created_at" datetime(6) NOT NULL, "updated_at" datetime(6) NOT NULL)[0m
  [1m[35m (0.3ms)[0m  [1m[34mSELECT "schema_migrations"."version" FROM "schema_migrations" ORDER BY "schema_migrations"."version" ASC[0m
  
ActiveRecord::PendingMigrationError (

Migrations are pending. To resolve this issue, run:

        bin/rails db:migrate RAILS_ENV=development

You have 1 pending migration:

20210409182404_create_drivers.rb


):
  
activerecord (6.1.3.1) lib/active_record/migration.rb:625:in `check_pending!'
activerecord (6.1.3.1) lib/active_record/migration.rb:590:in `block (2 levels) in call'
activesupport (6.1.3.1) lib/active_support/evented_file_update_checker.rb:59:in `execute'
activesupport (6.1.3.1) lib/active_support/evented_file_update_checker.rb:65:in `execute_if_updated'
activerecord (6.1.3.1) lib/active_record/migration.rb:597:in `block in call'
activerecord (6.1.3.1) lib/active_record/migration.rb:587:in `synchronize'
activerecord (6.1.3.1) lib/active_record/migration.rb:587:in `call'
actionpack (6.1.3.1) lib/action_dispatch/middleware/callbacks.rb:27:in `block in call'
activesupport (6.1.3.1) lib/active_support/callbacks.rb:98:in `run_callbacks'
actionpack (6.1.3.1) lib/action_dispatch/middleware/callbacks.rb:26:in `call'
actionpack (6.1.3.1) lib/action_dispatch/middleware/executor.rb:14:in `call'
actionpack (6.1.3.1) lib/action_dispatch/middleware/actionable_exceptions.rb:18:in `call'
actionpack (6.1.3.1) lib/action_dispatch/middleware/debug_exceptions.rb:29:in `call'
web-console (4.1.0) lib/web_console/middleware.rb:132:in `call_app'
web-console (4.1.0) lib/web_console/middleware.rb:28:in `block in call'
web-console (4.1.0) lib/web_console/middleware.rb:17:in `catch'
web-console (4.1.0) lib/web_console/middleware.rb:17:in `call'
actionpack (6.1.3.1) lib/action_dispatch/middleware/show_exceptions.rb:33:in `call'
railties (6.1.3.1) lib/rails/rack/logger.rb:37:in `call_app'
railties (6.1.3.1) lib/rails/rack/logger.rb:26:in `block in call'
activesupport (6.1.3.1) lib/active_support/tagged_logging.rb:99:in `block in tagged'
activesupport (6.1.3.1) lib/active_support/tagged_logging.rb:37:in `tagged'
activesupport (6.1.3.1) lib/active_support/tagged_logging.rb:99:in `tagged'
railties (6.1.3.1) lib/rails/rack/logger.rb:26:in `call'
sprockets-rails (3.2.2) lib/sprockets/rails/quiet_assets.rb:13:in `call'
actionpack (6.1.3.1) lib/action_dispatch/middleware/remote_ip.rb:81:in `call'
actionpack (6.1.3.1) lib/action_dispatch/middleware/request_id.rb:26:in `call'
rack (2.2.3) lib/rack/method_override.rb:24:in `call'
rack (2.2.3) lib/rack/runtime.rb:22:in `call'
activesupport (6.1.3.1) lib/active_support/cache/strategy/local_cache_middleware.rb:29:in `call'
actionpack (6.1.3.1) lib/action_dispatch/middleware/executor.rb:14:in `call'
actionpack (6.1.3.1) lib/action_dispatch/middleware/static.rb:24:in `call'
rack (2.2.3) lib/rack/sendfile.rb:110:in `call'
actionpack (6.1.3.1) lib/action_dispatch/middleware/host_authorization.rb:98:in `call'
rack-mini-profiler (2.3.1) lib/mini_profiler/profiler.rb:373:in `call'
webpacker (5.2.1) lib/webpacker/dev_server_proxy.rb:25:in `perform_request'
rack-proxy (0.6.5) lib/rack/proxy.rb:57:in `call'
railties (6.1.3.1) lib/rails/engine.rb:539:in `call'
puma (5.2.2) lib/puma/configuration.rb:248:in `call'
puma (5.2.2) lib/puma/request.rb:76:in `block in handle_request'
puma (5.2.2) lib/puma/thread_pool.rb:337:in `with_force_shutdown'
puma (5.2.2) lib/puma/request.rb:75:in `handle_request'
puma (5.2.2) lib/puma/server.rb:431:in `process_client'
puma (5.2.2) lib/puma/thread_pool.rb:145:in `block in spawn_thread'
  [1m[35m (0.4ms)[0m  [1m[34mSELECT sqlite_version(*)[0m
  [1m[35m (0.1ms)[0m  [1m[34mSELECT "schema_migrations"."version" FROM "schema_migrations" ORDER BY "schema_migrations"."version" ASC[0m
Migrating to CreateDrivers (20210409182404)
  [1m[36mTRANSACTION (0.1ms)[0m  [1m[36mbegin transaction[0m
  [1m[35m (0.4ms)[0m  [1m[35mCREATE TABLE "drivers" ("id" integer PRIMARY KEY AUTOINCREMENT NOT NULL, "first_name" varchar, "last_name" varchar, "created_at" datetime(6) NOT NULL, "updated_at" datetime(6) NOT NULL)[0m
  [1m[36mActiveRecord::SchemaMigration Create (0.2ms)[0m  [1m[32mINSERT INTO "schema_migrations" ("version") VALUES (?)[0m  [["version", "20210409182404"]]
  [1m[36mTRANSACTION (17.4ms)[0m  [1m[36mcommit transaction[0m
  [1m[36mActiveRecord::InternalMetadata Load (0.3ms)[0m  [1m[34mSELECT "ar_internal_metadata".* FROM "ar_internal_metadata" WHERE "ar_internal_metadata"."key" = ? LIMIT ?[0m  [["key", "environment"], ["LIMIT", 1]]
  [1m[36mTRANSACTION (0.1ms)[0m  [1m[36mbegin transaction[0m
  [1m[36mActiveRecord::InternalMetadata Create (0.2ms)[0m  [1m[32mINSERT INTO "ar_internal_metadata" ("key", "value", "created_at", "updated_at") VALUES (?, ?, ?, ?)[0m  [["key", "environment"], ["value", "development"], ["created_at", "2021-04-09 18:26:02.732209"], ["updated_at", "2021-04-09 18:26:02.732209"]]
  [1m[36mTRANSACTION (11.9ms)[0m  [1m[36mcommit transaction[0m
  [1m[35m (0.1ms)[0m  [1m[34mSELECT sqlite_version(*)[0m
  [1m[35m (0.1ms)[0m  [1m[34mSELECT "schema_migrations"."version" FROM "schema_migrations" ORDER BY "schema_migrations"."version" ASC[0m
Started GET "/drivers/new" for ::1 at 2021-04-09 14:26:05 -0400
  [1m[35m (0.1ms)[0m  [1m[34mSELECT sqlite_version(*)[0m
  [1m[35m (0.3ms)[0m  [1m[34mSELECT "schema_migrations"."version" FROM "schema_migrations" ORDER BY "schema_migrations"."version" ASC[0m
Processing by DriversController#new as HTML
  Rendering layout layouts/application.html.erb
  Rendering drivers/new.html.erb within layouts/application
  Rendered drivers/new.html.erb within layouts/application (Duration: 0.3ms | Allocations: 39)
[Webpacker] Everything's up-to-date. Nothing to do
  Rendered layout layouts/application.html.erb (Duration: 8.1ms | Allocations: 2934)
Completed 200 OK in 11ms (Views: 9.8ms | ActiveRecord: 0.0ms | Allocations: 3574)


